mode: set
github.com/turtacn/Aeterna/test_listen.go:8.13,10.16 2 0
github.com/turtacn/Aeterna/test_listen.go:10.16,13.3 2 0
github.com/turtacn/Aeterna/test_listen.go:14.2,15.12 2 0
github.com/turtacn/Aeterna/cmd/aeterna/main.go:11.13,12.15 1 0
github.com/turtacn/Aeterna/cmd/aeterna/main.go:12.15,13.31 1 0
github.com/turtacn/Aeterna/cmd/aeterna/main.go:13.31,14.25 1 0
github.com/turtacn/Aeterna/cmd/aeterna/main.go:14.25,16.5 1 0
github.com/turtacn/Aeterna/cmd/aeterna/main.go:16.10,18.5 1 0
github.com/turtacn/Aeterna/cmd/aeterna/main.go:19.4,19.14 1 0
github.com/turtacn/Aeterna/cmd/aeterna/main.go:23.2,23.15 1 0
github.com/turtacn/Aeterna/internal/monitor/metrics.go:22.31,26.12 3 0
github.com/turtacn/Aeterna/internal/monitor/metrics.go:26.12,29.56 3 0
github.com/turtacn/Aeterna/internal/monitor/metrics.go:29.56,31.4 1 0
github.com/turtacn/Aeterna/internal/cli/root.go:25.47,28.17 2 0
github.com/turtacn/Aeterna/internal/cli/root.go:28.17,31.4 2 0
github.com/turtacn/Aeterna/internal/cli/root.go:32.3,33.52 2 0
github.com/turtacn/Aeterna/internal/cli/root.go:33.52,36.4 2 0
github.com/turtacn/Aeterna/internal/cli/root.go:39.3,46.40 5 0
github.com/turtacn/Aeterna/internal/cli/root.go:46.40,49.4 2 0
github.com/turtacn/Aeterna/internal/cli/root.go:56.47,60.3 1 0
github.com/turtacn/Aeterna/internal/cli/root.go:63.16,68.42 4 0
github.com/turtacn/Aeterna/internal/cli/root.go:68.42,71.3 2 0
github.com/turtacn/Aeterna/internal/orchestrator/engine.go:27.46,37.2 3 0
github.com/turtacn/Aeterna/internal/orchestrator/engine.go:39.29,56.2 7 0
github.com/turtacn/Aeterna/internal/orchestrator/engine.go:58.32,63.12 3 0
github.com/turtacn/Aeterna/internal/orchestrator/engine.go:63.12,64.26 1 0
github.com/turtacn/Aeterna/internal/orchestrator/engine.go:64.26,65.15 1 0
github.com/turtacn/Aeterna/internal/orchestrator/engine.go:66.24,68.25 2 0
github.com/turtacn/Aeterna/internal/orchestrator/engine.go:69.41,72.15 3 0
github.com/turtacn/Aeterna/internal/orchestrator/engine.go:78.2,78.28 1 0
github.com/turtacn/Aeterna/internal/orchestrator/engine.go:82.70,87.16 3 0
github.com/turtacn/Aeterna/internal/orchestrator/engine.go:87.16,89.3 1 0
github.com/turtacn/Aeterna/internal/orchestrator/engine.go:92.2,95.16 3 0
github.com/turtacn/Aeterna/internal/orchestrator/engine.go:95.16,97.3 1 0
github.com/turtacn/Aeterna/internal/orchestrator/engine.go:99.2,99.12 1 0
github.com/turtacn/Aeterna/internal/orchestrator/engine.go:99.12,102.3 2 0
github.com/turtacn/Aeterna/internal/orchestrator/engine.go:105.2,105.25 1 0
github.com/turtacn/Aeterna/internal/orchestrator/engine.go:109.80,112.53 2 0
github.com/turtacn/Aeterna/internal/orchestrator/engine.go:112.53,115.35 3 0
github.com/turtacn/Aeterna/internal/orchestrator/engine.go:115.35,119.4 3 0
github.com/turtacn/Aeterna/internal/orchestrator/engine.go:122.2,124.12 3 0
github.com/turtacn/Aeterna/internal/orchestrator/engine.go:128.74,135.23 3 0
github.com/turtacn/Aeterna/internal/orchestrator/engine.go:135.23,137.3 1 0
github.com/turtacn/Aeterna/internal/orchestrator/engine.go:139.2,139.12 1 0
github.com/turtacn/Aeterna/internal/orchestrator/engine.go:139.12,147.14 4 0
github.com/turtacn/Aeterna/internal/orchestrator/engine.go:147.14,149.4 1 0
github.com/turtacn/Aeterna/internal/orchestrator/engine.go:149.9,151.4 1 0
github.com/turtacn/Aeterna/internal/orchestrator/engine.go:154.2,154.12 1 0
github.com/turtacn/Aeterna/internal/orchestrator/engine.go:157.73,161.2 2 0
github.com/turtacn/Aeterna/internal/orchestrator/engine.go:163.73,168.2 2 0
github.com/turtacn/Aeterna/internal/supervisor/manager.go:17.28,19.2 1 0
github.com/turtacn/Aeterna/internal/supervisor/manager.go:22.94,23.23 1 0
github.com/turtacn/Aeterna/internal/supervisor/manager.go:23.23,25.3 1 0
github.com/turtacn/Aeterna/internal/supervisor/manager.go:27.2,32.25 5 0
github.com/turtacn/Aeterna/internal/supervisor/manager.go:32.25,36.3 2 0
github.com/turtacn/Aeterna/internal/supervisor/manager.go:38.2,39.23 2 0
github.com/turtacn/Aeterna/internal/supervisor/manager.go:43.40,44.44 1 0
github.com/turtacn/Aeterna/internal/supervisor/manager.go:44.44,47.3 2 0
github.com/turtacn/Aeterna/internal/supervisor/manager.go:48.2,48.12 1 0
github.com/turtacn/Aeterna/internal/supervisor/manager.go:52.40,53.44 1 0
github.com/turtacn/Aeterna/internal/supervisor/manager.go:53.44,56.3 2 0
github.com/turtacn/Aeterna/internal/supervisor/manager.go:57.2,57.12 1 0
github.com/turtacn/Aeterna/internal/supervisor/manager.go:60.40,61.19 1 0
github.com/turtacn/Aeterna/internal/supervisor/manager.go:61.19,63.3 1 0
github.com/turtacn/Aeterna/internal/supervisor/manager.go:64.2,64.12 1 0
github.com/turtacn/Aeterna/internal/resource/socket.go:34.40,40.2 1 1
github.com/turtacn/Aeterna/internal/resource/socket.go:42.32,45.16 3 1
github.com/turtacn/Aeterna/internal/resource/socket.go:45.16,47.3 1 1
github.com/turtacn/Aeterna/internal/resource/socket.go:48.2,48.57 1 1
github.com/turtacn/Aeterna/internal/resource/socket.go:51.46,52.19 1 1
github.com/turtacn/Aeterna/internal/resource/socket.go:52.19,54.3 1 0
github.com/turtacn/Aeterna/internal/resource/socket.go:55.2,58.15 3 1
github.com/turtacn/Aeterna/internal/resource/socket.go:58.15,60.3 1 1
github.com/turtacn/Aeterna/internal/resource/socket.go:62.2,63.30 2 1
github.com/turtacn/Aeterna/internal/resource/socket.go:63.30,65.3 1 0
github.com/turtacn/Aeterna/internal/resource/socket.go:68.2,72.29 3 1
github.com/turtacn/Aeterna/internal/resource/socket.go:72.29,75.29 2 1
github.com/turtacn/Aeterna/internal/resource/socket.go:75.29,77.12 2 1
github.com/turtacn/Aeterna/internal/resource/socket.go:80.3,81.15 2 1
github.com/turtacn/Aeterna/internal/resource/socket.go:81.15,82.12 1 0
github.com/turtacn/Aeterna/internal/resource/socket.go:85.3,86.17 2 1
github.com/turtacn/Aeterna/internal/resource/socket.go:86.17,90.12 2 1
github.com/turtacn/Aeterna/internal/resource/socket.go:94.3,94.43 1 0
github.com/turtacn/Aeterna/internal/resource/socket.go:94.43,95.54 1 0
github.com/turtacn/Aeterna/internal/resource/socket.go:95.54,96.38 1 0
github.com/turtacn/Aeterna/internal/resource/socket.go:96.38,98.6 1 0
github.com/turtacn/Aeterna/internal/resource/socket.go:102.3,107.84 3 0
github.com/turtacn/Aeterna/internal/resource/socket.go:111.59,112.12 1 0
github.com/turtacn/Aeterna/internal/resource/socket.go:112.12,114.3 1 0
github.com/turtacn/Aeterna/internal/resource/socket.go:115.2,117.32 3 0
github.com/turtacn/Aeterna/internal/resource/socket.go:117.32,119.3 1 0
github.com/turtacn/Aeterna/internal/resource/socket.go:120.2,120.24 1 0
github.com/turtacn/Aeterna/internal/resource/socket.go:120.24,122.3 1 0
github.com/turtacn/Aeterna/internal/resource/socket.go:124.2,127.32 3 0
github.com/turtacn/Aeterna/internal/resource/socket.go:127.32,129.3 1 0
github.com/turtacn/Aeterna/internal/resource/socket.go:131.2,131.27 1 0
github.com/turtacn/Aeterna/internal/resource/socket.go:134.83,135.37 1 1
github.com/turtacn/Aeterna/internal/resource/socket.go:135.37,137.3 1 1
github.com/turtacn/Aeterna/internal/resource/socket.go:140.2,140.72 1 1
github.com/turtacn/Aeterna/internal/resource/socket.go:140.72,142.3 1 1
github.com/turtacn/Aeterna/internal/resource/socket.go:144.2,144.35 1 1
github.com/turtacn/Aeterna/internal/resource/socket.go:144.35,145.35 1 0
github.com/turtacn/Aeterna/internal/resource/socket.go:145.35,147.4 1 0
github.com/turtacn/Aeterna/internal/resource/socket.go:149.2,149.17 1 1
github.com/turtacn/Aeterna/internal/resource/socket.go:152.76,153.38 1 1
github.com/turtacn/Aeterna/internal/resource/socket.go:153.38,155.3 1 0
github.com/turtacn/Aeterna/internal/resource/socket.go:158.2,158.72 1 1
github.com/turtacn/Aeterna/internal/resource/socket.go:158.72,160.3 1 1
github.com/turtacn/Aeterna/internal/resource/socket.go:162.2,162.36 1 1
github.com/turtacn/Aeterna/internal/resource/socket.go:162.36,163.35 1 0
github.com/turtacn/Aeterna/internal/resource/socket.go:163.35,165.4 1 0
github.com/turtacn/Aeterna/internal/resource/socket.go:167.2,167.12 1 1
github.com/turtacn/Aeterna/internal/resource/socket.go:171.76,176.51 3 1
github.com/turtacn/Aeterna/internal/resource/socket.go:176.51,179.15 2 1
github.com/turtacn/Aeterna/internal/resource/socket.go:179.15,181.4 1 1
github.com/turtacn/Aeterna/internal/resource/socket.go:182.3,182.16 1 1
github.com/turtacn/Aeterna/internal/resource/socket.go:186.2,189.51 2 1
github.com/turtacn/Aeterna/internal/resource/socket.go:189.51,194.28 5 0
github.com/turtacn/Aeterna/internal/resource/socket.go:194.28,197.4 2 0
github.com/turtacn/Aeterna/internal/resource/socket.go:198.3,199.26 2 0
github.com/turtacn/Aeterna/internal/resource/socket.go:203.2,205.16 3 1
github.com/turtacn/Aeterna/internal/resource/socket.go:205.16,207.3 1 1
github.com/turtacn/Aeterna/internal/resource/socket.go:210.2,211.9 2 1
github.com/turtacn/Aeterna/internal/resource/socket.go:211.9,214.3 2 0
github.com/turtacn/Aeterna/internal/resource/socket.go:215.2,216.16 2 1
github.com/turtacn/Aeterna/internal/resource/socket.go:216.16,219.3 2 0
github.com/turtacn/Aeterna/internal/resource/socket.go:222.2,222.52 1 1
github.com/turtacn/Aeterna/internal/resource/socket.go:222.52,223.36 1 1
github.com/turtacn/Aeterna/internal/resource/socket.go:223.36,225.4 1 1
github.com/turtacn/Aeterna/internal/resource/socket.go:228.2,231.27 4 1
github.com/turtacn/Aeterna/internal/resource/socket.go:231.27,234.3 2 1
github.com/turtacn/Aeterna/internal/resource/socket.go:235.2,235.15 1 1
github.com/turtacn/Aeterna/internal/resource/socket.go:240.48,253.32 7 0
github.com/turtacn/Aeterna/internal/resource/socket.go:253.32,255.3 1 0
github.com/turtacn/Aeterna/internal/resource/socket.go:256.2,256.37 1 0
github.com/turtacn/Aeterna/internal/resource/socket.go:256.37,258.3 1 0
github.com/turtacn/Aeterna/internal/resource/socket.go:260.2,260.34 1 0
github.com/turtacn/Aeterna/internal/resource/socket.go:260.34,262.36 2 0
github.com/turtacn/Aeterna/internal/resource/socket.go:262.36,265.4 2 0
github.com/turtacn/Aeterna/internal/resource/socket.go:265.9,268.36 1 0
github.com/turtacn/Aeterna/internal/resource/socket.go:268.36,270.5 1 0
github.com/turtacn/Aeterna/internal/resource/socket.go:275.2,280.33 3 0
github.com/turtacn/Aeterna/internal/resource/socket.go:280.33,282.3 1 0
github.com/turtacn/Aeterna/internal/resource/socket.go:283.2,283.41 1 0
github.com/turtacn/Aeterna/internal/resource/socket.go:283.41,285.3 1 0
github.com/turtacn/Aeterna/internal/resource/socket.go:287.2,288.27 2 0
github.com/turtacn/Aeterna/internal/resource/socket.go:288.27,290.3 1 0
github.com/turtacn/Aeterna/internal/resource/socket.go:291.2,291.14 1 0
github.com/turtacn/Aeterna/internal/resource/socket.go:295.45,297.20 2 0
github.com/turtacn/Aeterna/internal/resource/socket.go:297.20,299.3 1 0
github.com/turtacn/Aeterna/internal/resource/socket.go:300.2,300.12 1 0
github.com/turtacn/Aeterna/internal/resource/socket.go:303.34,307.36 3 1
github.com/turtacn/Aeterna/internal/resource/socket.go:307.36,309.34 2 1
github.com/turtacn/Aeterna/internal/resource/socket.go:309.34,311.4 1 1
github.com/turtacn/Aeterna/internal/resource/socket.go:313.2,316.34 3 1
github.com/turtacn/Aeterna/internal/resource/socket.go:316.34,319.3 2 0
github.com/turtacn/Aeterna/internal/resource/socket.go:320.2,320.50 1 1
github.com/turtacn/Aeterna/internal/srp/relay.go:16.52,18.2 1 0
github.com/turtacn/Aeterna/internal/srp/relay.go:21.67,22.50 1 0
github.com/turtacn/Aeterna/internal/srp/relay.go:22.50,24.3 1 0
github.com/turtacn/Aeterna/internal/srp/relay.go:25.2,26.16 2 0
github.com/turtacn/Aeterna/internal/srp/relay.go:26.16,28.3 1 0
github.com/turtacn/Aeterna/internal/srp/relay.go:30.2,31.15 2 0
github.com/turtacn/Aeterna/internal/srp/relay.go:36.102,40.16 3 0
github.com/turtacn/Aeterna/internal/srp/relay.go:40.16,42.3 1 0
github.com/turtacn/Aeterna/internal/srp/relay.go:43.2,52.12 5 0
github.com/turtacn/Aeterna/internal/srp/relay.go:52.12,54.17 2 0
github.com/turtacn/Aeterna/internal/srp/relay.go:54.17,57.4 2 0
github.com/turtacn/Aeterna/internal/srp/relay.go:58.3,65.48 5 0
github.com/turtacn/Aeterna/internal/srp/relay.go:65.48,68.4 2 0
github.com/turtacn/Aeterna/internal/srp/relay.go:70.3,71.27 2 0
github.com/turtacn/Aeterna/internal/srp/relay.go:74.2,74.9 1 0
github.com/turtacn/Aeterna/internal/srp/relay.go:75.19,76.27 1 0
github.com/turtacn/Aeterna/internal/srp/relay.go:77.29,78.37 1 0
github.com/turtacn/Aeterna/pkg/errors/codes.go:31.39,32.18 1 0
github.com/turtacn/Aeterna/pkg/errors/codes.go:32.18,34.3 1 0
github.com/turtacn/Aeterna/pkg/errors/codes.go:35.2,35.63 1 0
github.com/turtacn/Aeterna/pkg/errors/codes.go:38.39,40.2 1 0
github.com/turtacn/Aeterna/pkg/errors/codes.go:42.59,49.2 1 0
github.com/turtacn/Aeterna/pkg/logger/logger.go:18.31,20.15 2 0
github.com/turtacn/Aeterna/pkg/logger/logger.go:21.15,22.29 1 0
github.com/turtacn/Aeterna/pkg/logger/logger.go:23.14,24.28 1 0
github.com/turtacn/Aeterna/pkg/logger/logger.go:25.15,26.29 1 0
github.com/turtacn/Aeterna/pkg/logger/logger.go:27.10,28.28 1 0
github.com/turtacn/Aeterna/pkg/logger/logger.go:31.2,40.22 4 0
github.com/turtacn/Aeterna/pkg/logger/logger.go:47.50,47.77 1 0
github.com/turtacn/Aeterna/pkg/logger/logger.go:48.50,48.76 1 1
github.com/turtacn/Aeterna/pkg/logger/logger.go:49.50,49.76 1 0
github.com/turtacn/Aeterna/pkg/logger/logger.go:50.50,50.77 1 0
github.com/turtacn/Aeterna/pkg/logger/logger.go:51.50,51.91 1 0
github.com/turtacn/Aeterna/pkg/fsm/machine.go:21.39,27.2 1 1
github.com/turtacn/Aeterna/pkg/fsm/machine.go:29.41,33.2 3 1
github.com/turtacn/Aeterna/pkg/fsm/machine.go:35.86,39.40 3 1
github.com/turtacn/Aeterna/pkg/fsm/machine.go:39.40,42.3 2 1
github.com/turtacn/Aeterna/pkg/fsm/machine.go:43.2,44.38 2 1
github.com/turtacn/Aeterna/pkg/fsm/machine.go:48.70,52.9 3 1
github.com/turtacn/Aeterna/pkg/fsm/machine.go:52.9,55.3 2 1
github.com/turtacn/Aeterna/pkg/fsm/machine.go:57.2,58.9 2 1
github.com/turtacn/Aeterna/pkg/fsm/machine.go:58.9,61.3 2 0
github.com/turtacn/Aeterna/pkg/fsm/machine.go:64.2,65.58 2 1
github.com/turtacn/Aeterna/pkg/fsm/machine.go:65.58,67.3 1 1
github.com/turtacn/Aeterna/pkg/fsm/machine.go:69.2,73.20 3 1
github.com/turtacn/Aeterna/pkg/fsm/machine.go:73.20,74.49 1 1
github.com/turtacn/Aeterna/pkg/fsm/machine.go:74.49,76.4 1 1
github.com/turtacn/Aeterna/pkg/fsm/machine.go:79.2,79.12 1 1
